This file contains any messages produced by compilers while
running configure, to aid debugging if configure makes a mistake.

It was created by configure, which was
generated by GNU Autoconf 2.69.  Invocation command line was

  $ ./configure --prefix=/home/gulatows --enable-colors256 --enable-use-locale

## --------- ##
## Platform. ##
## --------- ##

hostname = hnlgulatow1
uname -m = x86_64
uname -r = 4.15.0-50-generic
uname -s = Linux
uname -v = #54-Ubuntu SMP Mon May 6 18:46:08 UTC 2019

/usr/bin/uname -p = unknown
/bin/uname -X     = unknown

/bin/arch              = unknown
/usr/bin/arch -k       = unknown
/usr/convex/getsysinfo = unknown
/usr/bin/hostinfo      = unknown
/bin/machine           = unknown
/usr/bin/oslevel       = unknown
/bin/universe          = unknown

PATH: /home/gulatows/.rbenv/plugins/ruby-build/bin
PATH: /home/gulatows/.rbenv/shims
PATH: /home/gulatows/.rbenv/bin
PATH: /usr/local/sbin
PATH: /usr/local/bin
PATH: /usr/sbin
PATH: /usr/bin
PATH: /sbin
PATH: /bin
PATH: /usr/games
PATH: /usr/local/games
PATH: /snap/bin
PATH: /home/gulatows/bin


## ----------- ##
## Core tests. ##
## ----------- ##

configure:2362: checking for gcc
configure:2378: found /usr/bin/gcc
configure:2389: result: gcc
configure:2618: checking for C compiler version
configure:2627: gcc --version >&5
gcc (Ubuntu 7.4.0-1ubuntu1~18.04) 7.4.0
Copyright (C) 2017 Free Software Foundation, Inc.
This is free software; see the source for copying conditions.  There is NO
warranty; not even for MERCHANTABILITY or FITNESS FOR A PARTICULAR PURPOSE.

configure:2638: $? = 0
configure:2627: gcc -v >&5
Using built-in specs.
COLLECT_GCC=gcc
COLLECT_LTO_WRAPPER=/usr/lib/gcc/x86_64-linux-gnu/7/lto-wrapper
OFFLOAD_TARGET_NAMES=nvptx-none
OFFLOAD_TARGET_DEFAULT=1
Target: x86_64-linux-gnu
Configured with: ../src/configure -v --with-pkgversion='Ubuntu 7.4.0-1ubuntu1~18.04' --with-bugurl=file:///usr/share/doc/gcc-7/README.Bugs --enable-languages=c,ada,c++,go,brig,d,fortran,objc,obj-c++ --prefix=/usr --with-gcc-major-version-only --program-suffix=-7 --program-prefix=x86_64-linux-gnu- --enable-shared --enable-linker-build-id --libexecdir=/usr/lib --without-included-gettext --enable-threads=posix --libdir=/usr/lib --enable-nls --with-sysroot=/ --enable-clocale=gnu --enable-libstdcxx-debug --enable-libstdcxx-time=yes --with-default-libstdcxx-abi=new --enable-gnu-unique-object --disable-vtable-verify --enable-libmpx --enable-plugin --enable-default-pie --with-system-zlib --with-target-system-zlib --enable-objc-gc=auto --enable-multiarch --disable-werror --with-arch-32=i686 --with-abi=m64 --with-multilib-list=m32,m64,mx32 --enable-multilib --with-tune=generic --enable-offload-targets=nvptx-none --without-cuda-driver --enable-checking=release --build=x86_64-linux-gnu --host=x86_64-linux-gnu --target=x86_64-linux-gnu
Thread model: posix
gcc version 7.4.0 (Ubuntu 7.4.0-1ubuntu1~18.04) 
configure:2638: $? = 0
configure:2627: gcc -V >&5
gcc: error: unrecognized command line option '-V'
gcc: fatal error: no input files
compilation terminated.
configure:2638: $? = 1
configure:2627: gcc -qversion >&5
gcc: error: unrecognized command line option '-qversion'; did you mean '--version'?
gcc: fatal error: no input files
compilation terminated.
configure:2638: $? = 1
configure:2658: checking whether the C compiler works
configure:2680: gcc    conftest.c  >&5
configure:2684: $? = 0
configure:2732: result: yes
configure:2735: checking for C compiler default output file name
configure:2737: result: a.out
configure:2743: checking for suffix of executables
configure:2750: gcc -o conftest    conftest.c  >&5
configure:2754: $? = 0
configure:2776: result: 
configure:2798: checking whether we are cross compiling
configure:2806: gcc -o conftest    conftest.c  >&5
configure:2810: $? = 0
configure:2817: ./conftest
configure:2821: $? = 0
configure:2836: result: no
configure:2841: checking for suffix of object files
configure:2863: gcc -c   conftest.c >&5
configure:2867: $? = 0
configure:2888: result: o
configure:2892: checking whether we are using the GNU C compiler
configure:2911: gcc -c   conftest.c >&5
configure:2911: $? = 0
configure:2920: result: yes
configure:2929: checking whether gcc accepts -g
configure:2949: gcc -c -g  conftest.c >&5
configure:2949: $? = 0
configure:2990: result: yes
configure:3007: checking for gcc option to accept ISO C89
configure:3070: gcc  -c -g -O2  conftest.c >&5
configure:3070: $? = 0
configure:3083: result: none needed
configure:3108: checking how to run the C preprocessor
configure:3139: gcc -E  conftest.c
configure:3139: $? = 0
configure:3153: gcc -E  conftest.c
conftest.c:9:10: fatal error: ac_nonexistent.h: No such file or directory
 #include <ac_nonexistent.h>
          ^~~~~~~~~~~~~~~~~~
compilation terminated.
configure:3153: $? = 1
configure: failed program was:
| /* confdefs.h */
| #define PACKAGE_NAME ""
| #define PACKAGE_TARNAME ""
| #define PACKAGE_VERSION ""
| #define PACKAGE_STRING ""
| #define PACKAGE_BUGREPORT ""
| #define PACKAGE_URL ""
| /* end confdefs.h.  */
| #include <ac_nonexistent.h>
configure:3178: result: gcc -E
configure:3198: gcc -E  conftest.c
configure:3198: $? = 0
configure:3212: gcc -E  conftest.c
conftest.c:9:10: fatal error: ac_nonexistent.h: No such file or directory
 #include <ac_nonexistent.h>
          ^~~~~~~~~~~~~~~~~~
compilation terminated.
configure:3212: $? = 1
configure: failed program was:
| /* confdefs.h */
| #define PACKAGE_NAME ""
| #define PACKAGE_TARNAME ""
| #define PACKAGE_VERSION ""
| #define PACKAGE_STRING ""
| #define PACKAGE_BUGREPORT ""
| #define PACKAGE_URL ""
| /* end confdefs.h.  */
| #include <ac_nonexistent.h>
configure:3242: checking for grep that handles long lines and -e
configure:3300: result: /bin/grep
configure:3305: checking for egrep
configure:3367: result: /bin/grep -E
configure:3373: checking whether gcc needs -traditional
configure:3407: result: no
configure:3414: checking for library containing strerror
configure:3445: gcc -o conftest -g -O2   conftest.c  >&5
configure:3445: $? = 0
configure:3462: result: none required
configure:3470: checking for ANSI C header files
configure:3490: gcc -c -g -O2  conftest.c >&5
configure:3490: $? = 0
configure:3563: gcc -o conftest -g -O2   conftest.c  >&5
configure:3563: $? = 0
configure:3563: ./conftest
configure:3563: $? = 0
configure:3574: result: yes
configure:3587: checking for sys/types.h
configure:3587: gcc -c -g -O2  conftest.c >&5
configure:3587: $? = 0
configure:3587: result: yes
configure:3587: checking for sys/stat.h
configure:3587: gcc -c -g -O2  conftest.c >&5
configure:3587: $? = 0
configure:3587: result: yes
configure:3587: checking for stdlib.h
configure:3587: gcc -c -g -O2  conftest.c >&5
configure:3587: $? = 0
configure:3587: result: yes
configure:3587: checking for string.h
configure:3587: gcc -c -g -O2  conftest.c >&5
configure:3587: $? = 0
configure:3587: result: yes
configure:3587: checking for memory.h
configure:3587: gcc -c -g -O2  conftest.c >&5
configure:3587: $? = 0
configure:3587: result: yes
configure:3587: checking for strings.h
configure:3587: gcc -c -g -O2  conftest.c >&5
configure:3587: $? = 0
configure:3587: result: yes
configure:3587: checking for inttypes.h
configure:3587: gcc -c -g -O2  conftest.c >&5
configure:3587: $? = 0
configure:3587: result: yes
configure:3587: checking for stdint.h
configure:3587: gcc -c -g -O2  conftest.c >&5
configure:3587: $? = 0
configure:3587: result: yes
configure:3587: checking for unistd.h
configure:3587: gcc -c -g -O2  conftest.c >&5
configure:3587: $? = 0
configure:3587: result: yes
configure:3600: checking minix/config.h usability
configure:3600: gcc -c -g -O2  conftest.c >&5
conftest.c:52:10: fatal error: minix/config.h: No such file or directory
 #include <minix/config.h>
          ^~~~~~~~~~~~~~~~
compilation terminated.
configure:3600: $? = 1
configure: failed program was:
| /* confdefs.h */
| #define PACKAGE_NAME ""
| #define PACKAGE_TARNAME ""
| #define PACKAGE_VERSION ""
| #define PACKAGE_STRING ""
| #define PACKAGE_BUGREPORT ""
| #define PACKAGE_URL ""
| #define STDC_HEADERS 1
| #define HAVE_SYS_TYPES_H 1
| #define HAVE_SYS_STAT_H 1
| #define HAVE_STDLIB_H 1
| #define HAVE_STRING_H 1
| #define HAVE_MEMORY_H 1
| #define HAVE_STRINGS_H 1
| #define HAVE_INTTYPES_H 1
| #define HAVE_STDINT_H 1
| #define HAVE_UNISTD_H 1
| /* end confdefs.h.  */
| #include <stdio.h>
| #ifdef HAVE_SYS_TYPES_H
| # include <sys/types.h>
| #endif
| #ifdef HAVE_SYS_STAT_H
| # include <sys/stat.h>
| #endif
| #ifdef STDC_HEADERS
| # include <stdlib.h>
| # include <stddef.h>
| #else
| # ifdef HAVE_STDLIB_H
| #  include <stdlib.h>
| # endif
| #endif
| #ifdef HAVE_STRING_H
| # if !defined STDC_HEADERS && defined HAVE_MEMORY_H
| #  include <memory.h>
| # endif
| # include <string.h>
| #endif
| #ifdef HAVE_STRINGS_H
| # include <strings.h>
| #endif
| #ifdef HAVE_INTTYPES_H
| # include <inttypes.h>
| #endif
| #ifdef HAVE_STDINT_H
| # include <stdint.h>
| #endif
| #ifdef HAVE_UNISTD_H
| # include <unistd.h>
| #endif
| #include <minix/config.h>
configure:3600: result: no
configure:3600: checking minix/config.h presence
configure:3600: gcc -E  conftest.c
conftest.c:19:10: fatal error: minix/config.h: No such file or directory
 #include <minix/config.h>
          ^~~~~~~~~~~~~~~~
compilation terminated.
configure:3600: $? = 1
configure: failed program was:
| /* confdefs.h */
| #define PACKAGE_NAME ""
| #define PACKAGE_TARNAME ""
| #define PACKAGE_VERSION ""
| #define PACKAGE_STRING ""
| #define PACKAGE_BUGREPORT ""
| #define PACKAGE_URL ""
| #define STDC_HEADERS 1
| #define HAVE_SYS_TYPES_H 1
| #define HAVE_SYS_STAT_H 1
| #define HAVE_STDLIB_H 1
| #define HAVE_STRING_H 1
| #define HAVE_MEMORY_H 1
| #define HAVE_STRINGS_H 1
| #define HAVE_INTTYPES_H 1
| #define HAVE_STDINT_H 1
| #define HAVE_UNISTD_H 1
| /* end confdefs.h.  */
| #include <minix/config.h>
configure:3600: result: no
configure:3600: checking for minix/config.h
configure:3600: result: no
configure:3621: checking whether it is safe to define __EXTENSIONS__
configure:3639: gcc -c -g -O2  conftest.c >&5
configure:3639: $? = 0
configure:3646: result: yes
configure:3671: gcc -o conftest -g -O2   conftest.c  >&5
conftest.c:24:1: warning: return type defaults to 'int' [-Wimplicit-int]
 main(){exit(0);}
 ^~~~
conftest.c: In function 'main':
conftest.c:24:8: warning: implicit declaration of function 'exit' [-Wimplicit-function-declaration]
 main(){exit(0);}
        ^~~~
conftest.c:24:8: warning: incompatible implicit declaration of built-in function 'exit'
conftest.c:24:8: note: include '<stdlib.h>' or provide a declaration of 'exit'
configure:3671: $? = 0
configure:3671: ./conftest
configure:3671: $? = 0
configure:3701: gcc -o conftest -g -O2   conftest.c  >&5
conftest.c:24:1: warning: return type defaults to 'int' [-Wimplicit-int]
 main(){exit(0);}
 ^~~~
conftest.c: In function 'main':
conftest.c:24:8: warning: implicit declaration of function 'exit' [-Wimplicit-function-declaration]
 main(){exit(0);}
        ^~~~
conftest.c:24:8: warning: incompatible implicit declaration of built-in function 'exit'
conftest.c:24:8: note: include '<stdlib.h>' or provide a declaration of 'exit'
configure:3701: $? = 0
configure:3701: ./conftest
configure:3701: $? = 0
configure:3733: gcc -o conftest -g -O2   conftest.c  >&5
conftest.c:25:1: warning: return type defaults to 'int' [-Wimplicit-int]
 main()
 ^~~~
/tmp/cct9ZH5A.o: In function `main':
/home/gulatows/Downloads/gnu-screen/src/conftest.c:28: undefined reference to `__something_strange_'
collect2: error: ld returned 1 exit status
configure:3733: $? = 1
configure: program exited with status 1
configure: failed program was:
| /* confdefs.h */
| #define PACKAGE_NAME ""
| #define PACKAGE_TARNAME ""
| #define PACKAGE_VERSION ""
| #define PACKAGE_STRING ""
| #define PACKAGE_BUGREPORT ""
| #define PACKAGE_URL ""
| #define STDC_HEADERS 1
| #define HAVE_SYS_TYPES_H 1
| #define HAVE_SYS_STAT_H 1
| #define HAVE_STDLIB_H 1
| #define HAVE_STRING_H 1
| #define HAVE_MEMORY_H 1
| #define HAVE_STRINGS_H 1
| #define HAVE_INTTYPES_H 1
| #define HAVE_STDINT_H 1
| #define HAVE_UNISTD_H 1
| #define __EXTENSIONS__ 1
| #define _ALL_SOURCE 1
| #define _GNU_SOURCE 1
| #define _POSIX_PTHREAD_SEMANTICS 1
| #define _TANDEM_SOURCE 1
| /* end confdefs.h.  */
| 
| main()
| {
|   int __something_strange_();
|   __something_strange_(0);
| }
| 
configure:3745: checking for gawk
configure:3775: result: no
configure:3745: checking for mawk
configure:3761: found /usr/bin/mawk
configure:3772: result: mawk
configure:3827: checking for a BSD-compatible install
configure:3895: result: /usr/bin/install -c
configure:3908: checking for buggy tools...
configure:3915: checking if a system-wide socket dir should be used
configure:3925: result: yes
configure:3927: checking for the socket dir
configure:3941: result: (eff_uid ? "/tmp/uscreens" : "/tmp/screens")
configure:3964: checking for MIPS...
configure:4035: checking for Ultrix...
configure:4077: checking for butterfly...
configure:4097: checking for POSIX.1...
configure:4119: checking for System V...
configure:4134: gcc -c -g -O2  conftest.c >&5
configure:4134: $? = 0
configure:4142: checking for sequent/ptx...
configure:4160: checking SVR4...
configure:4174: gcc -o conftest -g -O2   conftest.c  -lelf >&5
/usr/bin/ld: cannot find -lelf
collect2: error: ld returned 1 exit status
configure:4174: $? = 1
configure: failed program was:
| /* confdefs.h */
| #define PACKAGE_NAME ""
| #define PACKAGE_TARNAME ""
| #define PACKAGE_VERSION ""
| #define PACKAGE_STRING ""
| #define PACKAGE_BUGREPORT ""
| #define PACKAGE_URL ""
| #define STDC_HEADERS 1
| #define HAVE_SYS_TYPES_H 1
| #define HAVE_SYS_STAT_H 1
| #define HAVE_STDLIB_H 1
| #define HAVE_STRING_H 1
| #define HAVE_MEMORY_H 1
| #define HAVE_STRINGS_H 1
| #define HAVE_INTTYPES_H 1
| #define HAVE_STDINT_H 1
| #define HAVE_UNISTD_H 1
| #define __EXTENSIONS__ 1
| #define _ALL_SOURCE 1
| #define _GNU_SOURCE 1
| #define _POSIX_PTHREAD_SEMANTICS 1
| #define _TANDEM_SOURCE 1
| #define SOCKDIR (eff_uid ? "/tmp/uscreens" : "/tmp/screens")
| #define POSIX 1
| /* end confdefs.h.  */
| #include <utmpx.h>
| 
| int
| main ()
| {
| 
|   ;
|   return 0;
| }
configure:4201: checking stropts.h usability
configure:4201: gcc -c -g -O2  conftest.c >&5
configure:4201: $? = 0
configure:4201: result: yes
configure:4201: checking stropts.h presence
configure:4201: gcc -E  conftest.c
configure:4201: $? = 0
configure:4201: result: yes
configure:4201: checking for stropts.h
configure:4201: result: yes
configure:4201: checking for string.h
configure:4201: result: yes
configure:4201: checking for strings.h
configure:4201: result: yes
configure:4212: checking for Solaris 2.x...
configure:4230: checking BSD job jontrol...
configure:4256: gcc -o conftest -g -O2   conftest.c  >&5
conftest.c: In function 'main':
conftest.c:37:1: warning: implicit declaration of function 'tcsetpgrp' [-Wimplicit-function-declaration]
 tcsetpgrp(0, 0);
 ^~~~~~~~~
configure:4256: $? = 0
configure:4267: checking setresuid...
configure:4282: gcc -o conftest -g -O2   conftest.c  >&5
conftest.c: In function 'main':
conftest.c:35:1: warning: implicit declaration of function 'setresuid' [-Wimplicit-function-declaration]
 setresuid(0, 0, 0);
 ^~~~~~~~~
configure:4282: $? = 0
configure:4288: checking setreuid...
configure:4303: gcc -o conftest -g -O2   conftest.c  >&5
conftest.c: In function 'main':
conftest.c:36:1: warning: implicit declaration of function 'setreuid' [-Wimplicit-function-declaration]
 setreuid(0, 0);
 ^~~~~~~~
configure:4303: $? = 0
configure:4309: checking seteuid...
configure:4328: gcc -o conftest -g -O2   conftest.c  >&5
conftest.c: In function 'main':
conftest.c:38:1: warning: implicit declaration of function 'seteuid_is_broken' [-Wimplicit-function-declaration]
 seteuid_is_broken(0);
 ^~~~~~~~~~~~~~~~~
/tmp/ccpR6swM.o: In function `main':
/home/gulatows/Downloads/gnu-screen/src/conftest.c:38: undefined reference to `seteuid_is_broken'
collect2: error: ld returned 1 exit status
configure:4328: $? = 1
configure: failed program was:
| /* confdefs.h */
| #define PACKAGE_NAME ""
| #define PACKAGE_TARNAME ""
| #define PACKAGE_VERSION ""
| #define PACKAGE_STRING ""
| #define PACKAGE_BUGREPORT ""
| #define PACKAGE_URL ""
| #define STDC_HEADERS 1
| #define HAVE_SYS_TYPES_H 1
| #define HAVE_SYS_STAT_H 1
| #define HAVE_STDLIB_H 1
| #define HAVE_STRING_H 1
| #define HAVE_MEMORY_H 1
| #define HAVE_STRINGS_H 1
| #define HAVE_INTTYPES_H 1
| #define HAVE_STDINT_H 1
| #define HAVE_UNISTD_H 1
| #define __EXTENSIONS__ 1
| #define _ALL_SOURCE 1
| #define _GNU_SOURCE 1
| #define _POSIX_PTHREAD_SEMANTICS 1
| #define _TANDEM_SOURCE 1
| #define SOCKDIR (eff_uid ? "/tmp/uscreens" : "/tmp/screens")
| #define POSIX 1
| #define HAVE_STROPTS_H 1
| #define HAVE_STRING_H 1
| #define HAVE_STRINGS_H 1
| #define BSDJOBS 1
| #define HAVE_SETRESUID 1
| #define HAVE_SETREUID 1
| /* end confdefs.h.  */
| 
| int
| main ()
| {
| 
| #if defined(linux) || defined(NeXT) || defined(_AUX_SOURCE) || defined(AUX) || defined(ultrix) || (defined(sun) && defined(SVR4)) || defined(ISC) || defined(sony_news)
| seteuid_is_broken(0);
| #else
| seteuid(0);
| #endif
| 
|   ;
|   return 0;
| }
configure:4335: checking execvpe...
configure:4350: gcc -o conftest -g -O2   conftest.c  >&5
conftest.c: In function 'main':
conftest.c:37:5: warning: implicit declaration of function 'execvpe' [-Wimplicit-function-declaration]
     execvpe(0, 0, 0);
     ^~~~~~~
configure:4350: $? = 0
configure:4359: checking select...
configure:4372: gcc -o conftest -g -O2 -D_GNU_SOURCE   conftest.c  >&5
conftest.c: In function 'main':
conftest.c:37:1: warning: implicit declaration of function 'select' [-Wimplicit-function-declaration]
 select(0, 0, 0, 0, 0);
 ^~~~~~
configure:4372: $? = 0
configure:4401: checking fifos...
configure:4477: gcc -o conftest -g -O2 -D_GNU_SOURCE   conftest.c  >&5
conftest.c:54:1: warning: return type defaults to 'int' [-Wimplicit-int]
 main()
 ^~~~
conftest.c: In function 'main':
conftest.c:66:5: warning: implicit declaration of function 'exit' [-Wimplicit-function-declaration]
     exit(1);
     ^~~~
conftest.c:66:5: warning: incompatible implicit declaration of built-in function 'exit'
conftest.c:66:5: note: include '<stdlib.h>' or provide a declaration of 'exit'
conftest.c:68:5: warning: incompatible implicit declaration of built-in function 'exit'
     exit(1);
     ^~~~
conftest.c:68:5: note: include '<stdlib.h>' or provide a declaration of 'exit'
conftest.c:79:5: warning: incompatible implicit declaration of built-in function 'exit'
     exit(1);
     ^~~~
conftest.c:79:5: note: include '<stdlib.h>' or provide a declaration of 'exit'
conftest.c:84:2: warning: incompatible implicit declaration of built-in function 'exit'
  exit(1);
  ^~~~
conftest.c:84:2: note: include '<stdlib.h>' or provide a declaration of 'exit'
conftest.c:87:2: warning: incompatible implicit declaration of built-in function 'exit'
  exit(1);
  ^~~~
conftest.c:87:2: note: include '<stdlib.h>' or provide a declaration of 'exit'
conftest.c:89:2: warning: incompatible implicit declaration of built-in function 'exit'
  exit(1);
  ^~~~
conftest.c:89:2: note: include '<stdlib.h>' or provide a declaration of 'exit'
conftest.c:90:7: warning: incompatible implicit declaration of built-in function 'exit'
       exit(0);
       ^~~~
conftest.c:90:7: note: include '<stdlib.h>' or provide a declaration of 'exit'
conftest.c:94:5: warning: incompatible implicit declaration of built-in function 'exit'
     exit(1);
     ^~~~
conftest.c:94:5: note: include '<stdlib.h>' or provide a declaration of 'exit'
conftest.c:95:3: warning: incompatible implicit declaration of built-in function 'exit'
   exit(0);
   ^~~~
conftest.c:95:3: note: include '<stdlib.h>' or provide a declaration of 'exit'
configure:4477: $? = 0
configure:4477: ./conftest
configure:4477: $? = 0
configure:4491: checking for broken fifo implementation...
configure:4545: gcc -o conftest -g -O2 -D_GNU_SOURCE   conftest.c  >&5
conftest.c:54:1: warning: return type defaults to 'int' [-Wimplicit-int]
 main()
 ^~~~
conftest.c: In function 'main':
conftest.c:64:5: warning: implicit declaration of function 'exit' [-Wimplicit-function-declaration]
     exit(1);
     ^~~~
conftest.c:64:5: warning: incompatible implicit declaration of built-in function 'exit'
conftest.c:64:5: note: include '<stdlib.h>' or provide a declaration of 'exit'
conftest.c:67:5: warning: incompatible implicit declaration of built-in function 'exit'
     exit(1);
     ^~~~
conftest.c:67:5: note: include '<stdlib.h>' or provide a declaration of 'exit'
conftest.c:72:5: warning: incompatible implicit declaration of built-in function 'exit'
     exit(1);
     ^~~~
conftest.c:72:5: note: include '<stdlib.h>' or provide a declaration of 'exit'
conftest.c:73:3: warning: incompatible implicit declaration of built-in function 'exit'
   exit(0);
   ^~~~
conftest.c:73:3: note: include '<stdlib.h>' or provide a declaration of 'exit'
configure:4545: $? = 0
configure:4545: ./conftest
configure:4545: $? = 0
configure:4561: checking sockets...
configure:4623: gcc -o conftest -g -O2 -D_GNU_SOURCE   conftest.c  >&5
conftest.c:49:1: warning: return type defaults to 'int' [-Wimplicit-int]
 main()
 ^~~~
conftest.c: In function 'main':
conftest.c:57:5: warning: implicit declaration of function 'exit' [-Wimplicit-function-declaration]
     exit(1);
     ^~~~
conftest.c:57:5: warning: incompatible implicit declaration of built-in function 'exit'
conftest.c:57:5: note: include '<stdlib.h>' or provide a declaration of 'exit'
conftest.c:62:5: warning: incompatible implicit declaration of built-in function 'exit'
     exit(1);
     ^~~~
conftest.c:62:5: note: include '<stdlib.h>' or provide a declaration of 'exit'
conftest.c:64:5: warning: incompatible implicit declaration of built-in function 'exit'
     exit(1);
     ^~~~
conftest.c:64:5: note: include '<stdlib.h>' or provide a declaration of 'exit'
conftest.c:68:2: warning: implicit declaration of function 'kill' [-Wimplicit-function-declaration]
  kill(getppid(), 3);
  ^~~~
conftest.c:72:7: warning: incompatible implicit declaration of built-in function 'exit'
       exit(0);
       ^~~~
conftest.c:72:7: note: include '<stdlib.h>' or provide a declaration of 'exit'
conftest.c:77:5: warning: incompatible implicit declaration of built-in function 'exit'
     exit(1);
     ^~~~
conftest.c:77:5: note: include '<stdlib.h>' or provide a declaration of 'exit'
conftest.c:80:5: warning: incompatible implicit declaration of built-in function 'exit'
     exit(1);
     ^~~~
conftest.c:80:5: note: include '<stdlib.h>' or provide a declaration of 'exit'
conftest.c:81:3: warning: incompatible implicit declaration of built-in function 'exit'
   exit(0);
   ^~~~
conftest.c:81:3: note: include '<stdlib.h>' or provide a declaration of 'exit'
configure:4623: $? = 0
configure:4623: ./conftest
configure:4623: $? = 0
configure:4637: checking socket implementation...
configure:4681: gcc -o conftest -g -O2 -D_GNU_SOURCE   conftest.c  >&5
conftest.c:48:1: warning: return type defaults to 'int' [-Wimplicit-int]
 main()
 ^~~~
conftest.c: In function 'main':
conftest.c:54:5: warning: implicit declaration of function 'exit' [-Wimplicit-function-declaration]
     exit(0);
     ^~~~
conftest.c:54:5: warning: incompatible implicit declaration of built-in function 'exit'
conftest.c:54:5: note: include '<stdlib.h>' or provide a declaration of 'exit'
conftest.c:59:5: warning: incompatible implicit declaration of built-in function 'exit'
     exit(0);
     ^~~~
conftest.c:59:5: note: include '<stdlib.h>' or provide a declaration of 'exit'
conftest.c:61:5: warning: incompatible implicit declaration of built-in function 'exit'
     exit(1);
     ^~~~
conftest.c:61:5: note: include '<stdlib.h>' or provide a declaration of 'exit'
conftest.c:63:3: warning: incompatible implicit declaration of built-in function 'exit'
   exit(0);
   ^~~~
conftest.c:63:3: note: include '<stdlib.h>' or provide a declaration of 'exit'
configure:4681: $? = 0
configure:4681: ./conftest
configure:4681: $? = 0
configure:4726: checking select return value...
configure:4831: gcc -o conftest -g -O2 -D_GNU_SOURCE   conftest.c  >&5
conftest.c:87:1: warning: return type defaults to 'int' [-Wimplicit-int]
 main()
 ^~~~
conftest.c: In function 'main':
conftest.c:95:5: warning: implicit declaration of function 'exit' [-Wimplicit-function-declaration]
     exit(1);
     ^~~~
conftest.c:95:5: warning: incompatible implicit declaration of built-in function 'exit'
conftest.c:95:5: note: include '<stdlib.h>' or provide a declaration of 'exit'
conftest.c:100:5: warning: incompatible implicit declaration of built-in function 'exit'
     exit(1);
     ^~~~
conftest.c:100:5: note: include '<stdlib.h>' or provide a declaration of 'exit'
conftest.c:102:5: warning: incompatible implicit declaration of built-in function 'exit'
     exit(1);
     ^~~~
conftest.c:102:5: note: include '<stdlib.h>' or provide a declaration of 'exit'
conftest.c:106:2: warning: implicit declaration of function 'kill' [-Wimplicit-function-declaration]
  kill(getppid(), 3);
  ^~~~
conftest.c:110:7: warning: incompatible implicit declaration of built-in function 'exit'
       exit(0);
       ^~~~
conftest.c:110:7: note: include '<stdlib.h>' or provide a declaration of 'exit'
conftest.c:115:5: warning: incompatible implicit declaration of built-in function 'exit'
     exit(1);
     ^~~~
conftest.c:115:5: note: include '<stdlib.h>' or provide a declaration of 'exit'
conftest.c:121:5: warning: incompatible implicit declaration of built-in function 'exit'
     exit(1);
     ^~~~
conftest.c:121:5: note: include '<stdlib.h>' or provide a declaration of 'exit'
conftest.c:123:5: warning: incompatible implicit declaration of built-in function 'exit'
     exit(1);
     ^~~~
conftest.c:123:5: note: include '<stdlib.h>' or provide a declaration of 'exit'
conftest.c:124:3: warning: incompatible implicit declaration of built-in function 'exit'
   exit(0);
   ^~~~
conftest.c:124:3: note: include '<stdlib.h>' or provide a declaration of 'exit'
configure:4831: $? = 0
configure:4831: ./conftest
configure:4831: $? = 0
configure:4844: checking for tgetent...
configure:4857: gcc -o conftest -g -O2 -D_GNU_SOURCE   conftest.c  >&5
conftest.c: In function 'main':
conftest.c:37:1: warning: implicit declaration of function 'tgetent' [-Wimplicit-function-declaration]
 tgetent((char *)0, (char *)0);
 ^~~~~~~
/tmp/ccIfraDp.o: In function `main':
/home/gulatows/Downloads/gnu-screen/src/conftest.c:37: undefined reference to `tgetent'
collect2: error: ld returned 1 exit status
configure:4857: $? = 1
configure: failed program was:
| /* confdefs.h */
| #define PACKAGE_NAME ""
| #define PACKAGE_TARNAME ""
| #define PACKAGE_VERSION ""
| #define PACKAGE_STRING ""
| #define PACKAGE_BUGREPORT ""
| #define PACKAGE_URL ""
| #define STDC_HEADERS 1
| #define HAVE_SYS_TYPES_H 1
| #define HAVE_SYS_STAT_H 1
| #define HAVE_STDLIB_H 1
| #define HAVE_STRING_H 1
| #define HAVE_MEMORY_H 1
| #define HAVE_STRINGS_H 1
| #define HAVE_INTTYPES_H 1
| #define HAVE_STDINT_H 1
| #define HAVE_UNISTD_H 1
| #define __EXTENSIONS__ 1
| #define _ALL_SOURCE 1
| #define _GNU_SOURCE 1
| #define _POSIX_PTHREAD_SEMANTICS 1
| #define _TANDEM_SOURCE 1
| #define SOCKDIR (eff_uid ? "/tmp/uscreens" : "/tmp/screens")
| #define POSIX 1
| #define HAVE_STROPTS_H 1
| #define HAVE_STRING_H 1
| #define HAVE_STRINGS_H 1
| #define BSDJOBS 1
| #define HAVE_SETRESUID 1
| #define HAVE_SETREUID 1
| #define HAVE_EXECVPE 1
| /* end confdefs.h.  */
| 
| int
| main ()
| {
| tgetent((char *)0, (char *)0);
|   ;
|   return 0;
| }
configure:4862: checking libcurses...
configure:4881: gcc -o conftest -g -O2 -D_GNU_SOURCE   conftest.c -lcurses  >&5
conftest.c: In function 'main':
conftest.c:41:1: warning: implicit declaration of function 'tgetent' [-Wimplicit-function-declaration]
 tgetent((char *)0, (char *)0);
 ^~~~~~~
configure:4881: $? = 0
configure:5026: gcc -o conftest -g -O2 -D_GNU_SOURCE   conftest.c -lcurses  >&5
conftest.c:34:1: warning: return type defaults to 'int' [-Wimplicit-int]
 main()
 ^~~~
conftest.c: In function 'main':
conftest.c:36:2: warning: implicit declaration of function 'exit' [-Wimplicit-function-declaration]
  exit(strcmp(tgoto("%p1%d", 0, 1), "1") ? 0 : 1);
  ^~~~
conftest.c:36:2: warning: incompatible implicit declaration of built-in function 'exit'
conftest.c:36:2: note: include '<stdlib.h>' or provide a declaration of 'exit'
conftest.c:36:7: warning: implicit declaration of function 'strcmp' [-Wimplicit-function-declaration]
  exit(strcmp(tgoto("%p1%d", 0, 1), "1") ? 0 : 1);
       ^~~~~~
conftest.c:36:14: warning: implicit declaration of function 'tgoto' [-Wimplicit-function-declaration]
  exit(strcmp(tgoto("%p1%d", 0, 1), "1") ? 0 : 1);
              ^~~~~
configure:5026: $? = 0
configure:5026: ./conftest
./configure: line 1649: 16282 Segmentation fault      (core dumped) ./conftest$ac_exeext
configure:5026: $? = 139
configure: program exited with status 139
configure: failed program was:
| /* confdefs.h */
| #define PACKAGE_NAME ""
| #define PACKAGE_TARNAME ""
| #define PACKAGE_VERSION ""
| #define PACKAGE_STRING ""
| #define PACKAGE_BUGREPORT ""
| #define PACKAGE_URL ""
| #define STDC_HEADERS 1
| #define HAVE_SYS_TYPES_H 1
| #define HAVE_SYS_STAT_H 1
| #define HAVE_STDLIB_H 1
| #define HAVE_STRING_H 1
| #define HAVE_MEMORY_H 1
| #define HAVE_STRINGS_H 1
| #define HAVE_INTTYPES_H 1
| #define HAVE_STDINT_H 1
| #define HAVE_UNISTD_H 1
| #define __EXTENSIONS__ 1
| #define _ALL_SOURCE 1
| #define _GNU_SOURCE 1
| #define _POSIX_PTHREAD_SEMANTICS 1
| #define _TANDEM_SOURCE 1
| #define SOCKDIR (eff_uid ? "/tmp/uscreens" : "/tmp/screens")
| #define POSIX 1
| #define HAVE_STROPTS_H 1
| #define HAVE_STRING_H 1
| #define HAVE_STRINGS_H 1
| #define BSDJOBS 1
| #define HAVE_SETRESUID 1
| #define HAVE_SETREUID 1
| #define HAVE_EXECVPE 1
| /* end confdefs.h.  */
| 
| main()
| {
|  exit(strcmp(tgoto("%p1%d", 0, 1), "1") ? 0 : 1);
| }
configure:5038: checking ospeed...
configure:5051: gcc -o conftest -g -O2 -D_GNU_SOURCE   conftest.c -lcurses  >&5
configure:5051: $? = 0
configure:5060: checking for /dev/ptc...
configure:5067: checking for SVR4 ptys...
configure:5082: gcc -o conftest -g -O2 -D_GNU_SOURCE   conftest.c -lcurses  >&5
conftest.c: In function 'main':
conftest.c:38:1: warning: implicit declaration of function 'ptsname' [-Wimplicit-function-declaration]
 ptsname(0);grantpt(0);unlockpt(0);
 ^~~~~~~
conftest.c:38:12: warning: implicit declaration of function 'grantpt' [-Wimplicit-function-declaration]
 ptsname(0);grantpt(0);unlockpt(0);
            ^~~~~~~
conftest.c:38:23: warning: implicit declaration of function 'unlockpt' [-Wimplicit-function-declaration]
 ptsname(0);grantpt(0);unlockpt(0);
                       ^~~~~~~~
configure:5082: $? = 0
configure:5093: checking for getpt
configure:5093: gcc -o conftest -g -O2 -D_GNU_SOURCE   conftest.c -lcurses  >&5
configure:5093: $? = 0
configure:5093: result: yes
configure:5159: checking for ptyranges...
configure:5218: checking default tty permissions/group...
configure:5259: gcc -o conftest -g -O2 -D_GNU_SOURCE   conftest.c -lcurses  >&5
conftest.c:40:1: warning: return type defaults to 'int' [-Wimplicit-int]
 main()
 ^~~~
conftest.c: In function 'main':
conftest.c:47:26: warning: implicit declaration of function 'exit' [-Wimplicit-function-declaration]
   if (!(x = ttyname(0))) exit(1);
                          ^~~~
conftest.c:47:26: warning: incompatible implicit declaration of built-in function 'exit'
conftest.c:47:26: note: include '<stdlib.h>' or provide a declaration of 'exit'
conftest.c:48:21: warning: incompatible implicit declaration of built-in function 'exit'
   if (stat(x, &sb)) exit(1);
                     ^~~~
conftest.c:48:21: note: include '<stdlib.h>' or provide a declaration of 'exit'
conftest.c:50:17: warning: incompatible implicit declaration of built-in function 'exit'
   if (om & 002) exit(0);
                 ^~~~
conftest.c:50:17: note: include '<stdlib.h>' or provide a declaration of 'exit'
conftest.c:51:7: warning: implicit declaration of function 'system' [-Wimplicit-function-declaration]
   m = system("mesg y");
       ^~~~~~
conftest.c:52:28: warning: incompatible implicit declaration of built-in function 'exit'
   if (m == -1 || m == 127) exit(1);
                            ^~~~
conftest.c:52:28: note: include '<stdlib.h>' or provide a declaration of 'exit'
conftest.c:53:21: warning: incompatible implicit declaration of built-in function 'exit'
   if (stat(x, &sb)) exit(1);
                     ^~~~
conftest.c:53:21: note: include '<stdlib.h>' or provide a declaration of 'exit'
conftest.c:55:21: warning: incompatible implicit declaration of built-in function 'exit'
   if (chmod(x, om)) exit(1);
                     ^~~~
conftest.c:55:21: note: include '<stdlib.h>' or provide a declaration of 'exit'
conftest.c:56:16: warning: incompatible implicit declaration of built-in function 'exit'
   if (m & 002) exit(0);
                ^~~~
conftest.c:56:16: note: include '<stdlib.h>' or provide a declaration of 'exit'
conftest.c:57:20: warning: implicit declaration of function 'getgid'; did you mean 'getline'? [-Wimplicit-function-declaration]
   if (sb.st_gid == getgid()) exit(1);
                    ^~~~~~
                    getline
conftest.c:57:30: warning: incompatible implicit declaration of built-in function 'exit'
   if (sb.st_gid == getgid()) exit(1);
                              ^~~~
conftest.c:57:30: note: include '<stdlib.h>' or provide a declaration of 'exit'
conftest.c:59:5: warning: incompatible implicit declaration of built-in function 'exit'
     exit(1);
     ^~~~
conftest.c:59:5: note: include '<stdlib.h>' or provide a declaration of 'exit'
conftest.c:62:3: warning: incompatible implicit declaration of built-in function 'exit'
   exit(0);
   ^~~~
conftest.c:62:3: note: include '<stdlib.h>' or provide a declaration of 'exit'
configure:5259: $? = 0
configure:5259: ./conftest
configure:5259: $? = 1
configure: program exited with status 1
configure: failed program was:
| /* confdefs.h */
| #define PACKAGE_NAME ""
| #define PACKAGE_TARNAME ""
| #define PACKAGE_VERSION ""
| #define PACKAGE_STRING ""
| #define PACKAGE_BUGREPORT ""
| #define PACKAGE_URL ""
| #define STDC_HEADERS 1
| #define HAVE_SYS_TYPES_H 1
| #define HAVE_SYS_STAT_H 1
| #define HAVE_STDLIB_H 1
| #define HAVE_STRING_H 1
| #define HAVE_MEMORY_H 1
| #define HAVE_STRINGS_H 1
| #define HAVE_INTTYPES_H 1
| #define HAVE_STDINT_H 1
| #define HAVE_UNISTD_H 1
| #define __EXTENSIONS__ 1
| #define _ALL_SOURCE 1
| #define _GNU_SOURCE 1
| #define _POSIX_PTHREAD_SEMANTICS 1
| #define _TANDEM_SOURCE 1
| #define SOCKDIR (eff_uid ? "/tmp/uscreens" : "/tmp/screens")
| #define POSIX 1
| #define HAVE_STROPTS_H 1
| #define HAVE_STRING_H 1
| #define HAVE_STRINGS_H 1
| #define BSDJOBS 1
| #define HAVE_SETRESUID 1
| #define HAVE_SETREUID 1
| #define HAVE_EXECVPE 1
| #define TERMINFO 1
| #define HAVE_SVR4_PTYS 1
| #define HAVE_GETPT 1
| /* end confdefs.h.  */
| 
| #include <sys/types.h>
| #include <sys/stat.h>
| #include <stdio.h>
| main()
| {
|   struct stat sb;
|   char *x,*ttyname();
|   int om, m;
|   FILE *fp;
| 
|   if (!(x = ttyname(0))) exit(1);
|   if (stat(x, &sb)) exit(1);
|   om = sb.st_mode;
|   if (om & 002) exit(0);
|   m = system("mesg y");
|   if (m == -1 || m == 127) exit(1);
|   if (stat(x, &sb)) exit(1);
|   m = sb.st_mode;
|   if (chmod(x, om)) exit(1);
|   if (m & 002) exit(0);
|   if (sb.st_gid == getgid()) exit(1);
|   if (!(fp=fopen("conftest_grp", "w")))
|     exit(1);
|   fprintf(fp, "%d\n", sb.st_gid);
|   fclose(fp);
|   exit(0);
| }
| 
configure:5284: checking for write
configure:5302: found /usr/bin/write
configure:5314: result: /usr/bin/write
configure:5324: checking for xterm
configure:5342: found /usr/bin/xterm
configure:5354: result: /usr/bin/xterm
configure:5410: checking getutent...
configure:5435: gcc -o conftest -g -O2 -D_GNU_SOURCE   conftest.c -lcurses  >&5
configure:5435: $? = 0
configure:5478: checking ut_host...
configure:5500: gcc -c -g -O2 -D_GNU_SOURCE  conftest.c >&5
configure:5500: $? = 0
configure:5505: checking utempter.h usability
configure:5505: gcc -c -g -O2 -D_GNU_SOURCE  conftest.c >&5
conftest.c:73:10: fatal error: utempter.h: No such file or directory
 #include <utempter.h>
          ^~~~~~~~~~~~
compilation terminated.
configure:5505: $? = 1
configure: failed program was:
| /* confdefs.h */
| #define PACKAGE_NAME ""
| #define PACKAGE_TARNAME ""
| #define PACKAGE_VERSION ""
| #define PACKAGE_STRING ""
| #define PACKAGE_BUGREPORT ""
| #define PACKAGE_URL ""
| #define STDC_HEADERS 1
| #define HAVE_SYS_TYPES_H 1
| #define HAVE_SYS_STAT_H 1
| #define HAVE_STDLIB_H 1
| #define HAVE_STRING_H 1
| #define HAVE_MEMORY_H 1
| #define HAVE_STRINGS_H 1
| #define HAVE_INTTYPES_H 1
| #define HAVE_STDINT_H 1
| #define HAVE_UNISTD_H 1
| #define __EXTENSIONS__ 1
| #define _ALL_SOURCE 1
| #define _GNU_SOURCE 1
| #define _POSIX_PTHREAD_SEMANTICS 1
| #define _TANDEM_SOURCE 1
| #define SOCKDIR (eff_uid ? "/tmp/uscreens" : "/tmp/screens")
| #define POSIX 1
| #define HAVE_STROPTS_H 1
| #define HAVE_STRING_H 1
| #define HAVE_STRINGS_H 1
| #define BSDJOBS 1
| #define HAVE_SETRESUID 1
| #define HAVE_SETREUID 1
| #define HAVE_EXECVPE 1
| #define TERMINFO 1
| #define HAVE_SVR4_PTYS 1
| #define HAVE_GETPT 1
| #define PTYMODE 0620
| #define PTYGROUP 5
| #define GETUTENT 1
| #define UTHOST 1
| /* end confdefs.h.  */
| #include <stdio.h>
| #ifdef HAVE_SYS_TYPES_H
| # include <sys/types.h>
| #endif
| #ifdef HAVE_SYS_STAT_H
| # include <sys/stat.h>
| #endif
| #ifdef STDC_HEADERS
| # include <stdlib.h>
| # include <stddef.h>
| #else
| # ifdef HAVE_STDLIB_H
| #  include <stdlib.h>
| # endif
| #endif
| #ifdef HAVE_STRING_H
| # if !defined STDC_HEADERS && defined HAVE_MEMORY_H
| #  include <memory.h>
| # endif
| # include <string.h>
| #endif
| #ifdef HAVE_STRINGS_H
| # include <strings.h>
| #endif
| #ifdef HAVE_INTTYPES_H
| # include <inttypes.h>
| #endif
| #ifdef HAVE_STDINT_H
| # include <stdint.h>
| #endif
| #ifdef HAVE_UNISTD_H
| # include <unistd.h>
| #endif
| #include <utempter.h>
configure:5505: result: no
configure:5505: checking utempter.h presence
configure:5505: gcc -E  conftest.c
conftest.c:40:10: fatal error: utempter.h: No such file or directory
 #include <utempter.h>
          ^~~~~~~~~~~~
compilation terminated.
configure:5505: $? = 1
configure: failed program was:
| /* confdefs.h */
| #define PACKAGE_NAME ""
| #define PACKAGE_TARNAME ""
| #define PACKAGE_VERSION ""
| #define PACKAGE_STRING ""
| #define PACKAGE_BUGREPORT ""
| #define PACKAGE_URL ""
| #define STDC_HEADERS 1
| #define HAVE_SYS_TYPES_H 1
| #define HAVE_SYS_STAT_H 1
| #define HAVE_STDLIB_H 1
| #define HAVE_STRING_H 1
| #define HAVE_MEMORY_H 1
| #define HAVE_STRINGS_H 1
| #define HAVE_INTTYPES_H 1
| #define HAVE_STDINT_H 1
| #define HAVE_UNISTD_H 1
| #define __EXTENSIONS__ 1
| #define _ALL_SOURCE 1
| #define _GNU_SOURCE 1
| #define _POSIX_PTHREAD_SEMANTICS 1
| #define _TANDEM_SOURCE 1
| #define SOCKDIR (eff_uid ? "/tmp/uscreens" : "/tmp/screens")
| #define POSIX 1
| #define HAVE_STROPTS_H 1
| #define HAVE_STRING_H 1
| #define HAVE_STRINGS_H 1
| #define BSDJOBS 1
| #define HAVE_SETRESUID 1
| #define HAVE_SETREUID 1
| #define HAVE_EXECVPE 1
| #define TERMINFO 1
| #define HAVE_SVR4_PTYS 1
| #define HAVE_GETPT 1
| #define PTYMODE 0620
| #define PTYGROUP 5
| #define GETUTENT 1
| #define UTHOST 1
| /* end confdefs.h.  */
| #include <utempter.h>
configure:5505: result: no
configure:5505: checking for utempter.h
configure:5505: result: no
configure:5519: checking for libutil(s)...
configure:5524: checking getloadavg...
configure:5537: gcc -o conftest -g -O2 -D_GNU_SOURCE   conftest.c -lcurses  >&5
conftest.c: In function 'main':
conftest.c:44:1: warning: implicit declaration of function 'getloadavg' [-Wimplicit-function-declaration]
 getloadavg((double *)0, 0);
 ^~~~~~~~~~
configure:5537: $? = 0
configure:5920: checking for crypt and sec libraries...
configure:5925: checking crypt...
configure:5938: gcc -o conftest -g -O2 -D_GNU_SOURCE   conftest.c -lcurses  -lcrypt >&5
configure:5938: $? = 0
configure:5949: checking IRIX sun library...
configure:5962: gcc -o conftest -g -O2 -D_GNU_SOURCE   conftest.c -lcurses  -lcrypt -lsun >&5
/usr/bin/ld: cannot find -lsun
collect2: error: ld returned 1 exit status
configure:5962: $? = 1
configure: failed program was:
| /* confdefs.h */
| #define PACKAGE_NAME ""
| #define PACKAGE_TARNAME ""
| #define PACKAGE_VERSION ""
| #define PACKAGE_STRING ""
| #define PACKAGE_BUGREPORT ""
| #define PACKAGE_URL ""
| #define STDC_HEADERS 1
| #define HAVE_SYS_TYPES_H 1
| #define HAVE_SYS_STAT_H 1
| #define HAVE_STDLIB_H 1
| #define HAVE_STRING_H 1
| #define HAVE_MEMORY_H 1
| #define HAVE_STRINGS_H 1
| #define HAVE_INTTYPES_H 1
| #define HAVE_STDINT_H 1
| #define HAVE_UNISTD_H 1
| #define __EXTENSIONS__ 1
| #define _ALL_SOURCE 1
| #define _GNU_SOURCE 1
| #define _POSIX_PTHREAD_SEMANTICS 1
| #define _TANDEM_SOURCE 1
| #define SOCKDIR (eff_uid ? "/tmp/uscreens" : "/tmp/screens")
| #define POSIX 1
| #define HAVE_STROPTS_H 1
| #define HAVE_STRING_H 1
| #define HAVE_STRINGS_H 1
| #define BSDJOBS 1
| #define HAVE_SETRESUID 1
| #define HAVE_SETREUID 1
| #define HAVE_EXECVPE 1
| #define TERMINFO 1
| #define HAVE_SVR4_PTYS 1
| #define HAVE_GETPT 1
| #define PTYMODE 0620
| #define PTYGROUP 5
| #define GETUTENT 1
| #define UTHOST 1
| #define LOADAV_GETLOADAVG 1
| #define LOADAV 1
| #define LOADAV_TYPE double
| #define LOADAV_NUM 3
| #define LOADAV_SCALE 1
| #define SIGVOID 1
| /* end confdefs.h.  */
| 
| int
| main ()
| {
| 
|   ;
|   return 0;
| }
configure:5970: checking syslog...
configure:5983: gcc -o conftest -g -O2 -D_GNU_SOURCE   conftest.c -lcurses  -lcrypt >&5
conftest.c: In function 'main':
conftest.c:50:1: warning: implicit declaration of function 'closelog' [-Wimplicit-function-declaration]
 closelog();
 ^~~~~~~~
configure:5983: $? = 0
configure:6030: checking wait union...
configure:6051: gcc -c -g -O2 -D_GNU_SOURCE  conftest.c >&5
conftest.c: In function 'main':
conftest.c:53:14: error: storage size of 'x' isn't known
   union wait x;
              ^
configure:6051: $? = 1
configure: failed program was:
| /* confdefs.h */
| #define PACKAGE_NAME ""
| #define PACKAGE_TARNAME ""
| #define PACKAGE_VERSION ""
| #define PACKAGE_STRING ""
| #define PACKAGE_BUGREPORT ""
| #define PACKAGE_URL ""
| #define STDC_HEADERS 1
| #define HAVE_SYS_TYPES_H 1
| #define HAVE_SYS_STAT_H 1
| #define HAVE_STDLIB_H 1
| #define HAVE_STRING_H 1
| #define HAVE_MEMORY_H 1
| #define HAVE_STRINGS_H 1
| #define HAVE_INTTYPES_H 1
| #define HAVE_STDINT_H 1
| #define HAVE_UNISTD_H 1
| #define __EXTENSIONS__ 1
| #define _ALL_SOURCE 1
| #define _GNU_SOURCE 1
| #define _POSIX_PTHREAD_SEMANTICS 1
| #define _TANDEM_SOURCE 1
| #define SOCKDIR (eff_uid ? "/tmp/uscreens" : "/tmp/screens")
| #define POSIX 1
| #define HAVE_STROPTS_H 1
| #define HAVE_STRING_H 1
| #define HAVE_STRINGS_H 1
| #define BSDJOBS 1
| #define HAVE_SETRESUID 1
| #define HAVE_SETREUID 1
| #define HAVE_EXECVPE 1
| #define TERMINFO 1
| #define HAVE_SVR4_PTYS 1
| #define HAVE_GETPT 1
| #define PTYMODE 0620
| #define PTYGROUP 5
| #define GETUTENT 1
| #define UTHOST 1
| #define LOADAV_GETLOADAVG 1
| #define LOADAV 1
| #define LOADAV_TYPE double
| #define LOADAV_NUM 3
| #define LOADAV_SCALE 1
| #define SIGVOID 1
| /* end confdefs.h.  */
| #include <sys/types.h>
| #include <sys/wait.h>
| 
| int
| main ()
| {
| 
|   union wait x;
|   int y;
| #ifdef WEXITSTATUS
|   y = WEXITSTATUS(x);
| #endif
| 
|   ;
|   return 0;
| }
configure:6058: checking for termio or termios...
configure:6064: gcc -E  conftest.c
configure:6064: $? = 0
configure:6084: checking getspnam...
configure:6097: gcc -o conftest -g -O2 -D_GNU_SOURCE   conftest.c -lcurses  -lcrypt >&5
configure:6097: $? = 0
configure:6104: checking getttyent...
configure:6117: gcc -o conftest -g -O2 -D_GNU_SOURCE   conftest.c -lcurses  -lcrypt >&5
conftest.c: In function 'main':
conftest.c:52:1: warning: implicit declaration of function 'getttyent' [-Wimplicit-function-declaration]
 getttyent();
 ^~~~~~~~~
configure:6117: $? = 0
configure:6124: checking fdwalk...
configure:6137: gcc -o conftest -g -O2 -D_GNU_SOURCE   conftest.c -lcurses  -lcrypt >&5
conftest.c: In function 'main':
conftest.c:53:1: warning: implicit declaration of function 'fdwalk' [-Wimplicit-function-declaration]
 fdwalk(NULL, NULL);
 ^~~~~~
/tmp/ccTpIT1e.o: In function `main':
/home/gulatows/Downloads/gnu-screen/src/conftest.c:53: undefined reference to `fdwalk'
collect2: error: ld returned 1 exit status
configure:6137: $? = 1
configure: failed program was:
| /* confdefs.h */
| #define PACKAGE_NAME ""
| #define PACKAGE_TARNAME ""
| #define PACKAGE_VERSION ""
| #define PACKAGE_STRING ""
| #define PACKAGE_BUGREPORT ""
| #define PACKAGE_URL ""
| #define STDC_HEADERS 1
| #define HAVE_SYS_TYPES_H 1
| #define HAVE_SYS_STAT_H 1
| #define HAVE_STDLIB_H 1
| #define HAVE_STRING_H 1
| #define HAVE_MEMORY_H 1
| #define HAVE_STRINGS_H 1
| #define HAVE_INTTYPES_H 1
| #define HAVE_STDINT_H 1
| #define HAVE_UNISTD_H 1
| #define __EXTENSIONS__ 1
| #define _ALL_SOURCE 1
| #define _GNU_SOURCE 1
| #define _POSIX_PTHREAD_SEMANTICS 1
| #define _TANDEM_SOURCE 1
| #define SOCKDIR (eff_uid ? "/tmp/uscreens" : "/tmp/screens")
| #define POSIX 1
| #define HAVE_STROPTS_H 1
| #define HAVE_STRING_H 1
| #define HAVE_STRINGS_H 1
| #define BSDJOBS 1
| #define HAVE_SETRESUID 1
| #define HAVE_SETREUID 1
| #define HAVE_EXECVPE 1
| #define TERMINFO 1
| #define HAVE_SVR4_PTYS 1
| #define HAVE_GETPT 1
| #define PTYMODE 0620
| #define PTYGROUP 5
| #define GETUTENT 1
| #define UTHOST 1
| #define LOADAV_GETLOADAVG 1
| #define LOADAV 1
| #define LOADAV_TYPE double
| #define LOADAV_NUM 3
| #define LOADAV_SCALE 1
| #define SIGVOID 1
| #define TERMIO 1
| #define SHADOWPW 1
| #define GETTTYENT 1
| /* end confdefs.h.  */
| #include <stdlib.h>
| int
| main ()
| {
| fdwalk(NULL, NULL);
|   ;
|   return 0;
| }
configure:6144: checking whether memcpy/memmove/bcopy handles overlapping arguments...
configure:6168: gcc -o conftest -g -O2 -D_GNU_SOURCE   conftest.c -lcurses  -lcrypt >&5
conftest.c:50:1: warning: return type defaults to 'int' [-Wimplicit-int]
 main() {
 ^~~~
conftest.c: In function 'main':
conftest.c:52:3: warning: implicit declaration of function 'strcpy' [-Wimplicit-function-declaration]
   strcpy(buf, "abcdefghi");
   ^~~~~~
conftest.c:52:3: warning: incompatible implicit declaration of built-in function 'strcpy'
conftest.c:52:3: note: include '<string.h>' or provide a declaration of 'strcpy'
conftest.c:53:3: warning: implicit declaration of function 'bcopy' [-Wimplicit-function-declaration]
   bcopy(buf, buf + 2, 3);
   ^~~~~
conftest.c:53:3: warning: incompatible implicit declaration of built-in function 'bcopy'
conftest.c:54:7: warning: implicit declaration of function 'strncmp' [-Wimplicit-function-declaration]
   if (strncmp(buf, "ababcf", 6))
       ^~~~~~~
conftest.c:55:5: warning: implicit declaration of function 'exit' [-Wimplicit-function-declaration]
     exit(1);
     ^~~~
conftest.c:55:5: warning: incompatible implicit declaration of built-in function 'exit'
conftest.c:55:5: note: include '<stdlib.h>' or provide a declaration of 'exit'
conftest.c:59:5: warning: incompatible implicit declaration of built-in function 'exit'
     exit(1);
     ^~~~
conftest.c:59:5: note: include '<stdlib.h>' or provide a declaration of 'exit'
conftest.c:60:3: warning: incompatible implicit declaration of built-in function 'exit'
   exit(0); /* libc version works properly.  */
   ^~~~
conftest.c:60:3: note: include '<stdlib.h>' or provide a declaration of 'exit'
configure:6168: $? = 0
configure:6168: ./conftest
configure:6168: $? = 0
configure:6200: gcc -o conftest -g -O2 -D_GNU_SOURCE   conftest.c -lcurses  -lcrypt >&5
conftest.c:52:1: warning: return type defaults to 'int' [-Wimplicit-int]
 main() {
 ^~~~
conftest.c: In function 'main':
conftest.c:54:3: warning: implicit declaration of function 'strcpy' [-Wimplicit-function-declaration]
   strcpy(buf, "abcdefghi");
   ^~~~~~
conftest.c:54:3: warning: incompatible implicit declaration of built-in function 'strcpy'
conftest.c:54:3: note: include '<string.h>' or provide a declaration of 'strcpy'
conftest.c:51:22: warning: implicit declaration of function 'memmove' [-Wimplicit-function-declaration]
 #define bcopy(s,d,l) memmove(d,s,l)
                      ^
conftest.c:55:3: note: in expansion of macro 'bcopy'
   bcopy(buf, buf + 2, 3);
   ^~~~~
conftest.c:51:22: warning: incompatible implicit declaration of built-in function 'memmove'
 #define bcopy(s,d,l) memmove(d,s,l)
                      ^
conftest.c:55:3: note: in expansion of macro 'bcopy'
   bcopy(buf, buf + 2, 3);
   ^~~~~
conftest.c:51:22: note: include '<string.h>' or provide a declaration of 'memmove'
 #define bcopy(s,d,l) memmove(d,s,l)
                      ^
conftest.c:55:3: note: in expansion of macro 'bcopy'
   bcopy(buf, buf + 2, 3);
   ^~~~~
conftest.c:56:7: warning: implicit declaration of function 'strncmp' [-Wimplicit-function-declaration]
   if (strncmp(buf, "ababcf", 6))
       ^~~~~~~
conftest.c:57:5: warning: implicit declaration of function 'exit' [-Wimplicit-function-declaration]
     exit(1);
     ^~~~
conftest.c:57:5: warning: incompatible implicit declaration of built-in function 'exit'
conftest.c:57:5: note: include '<stdlib.h>' or provide a declaration of 'exit'
conftest.c:61:5: warning: incompatible implicit declaration of built-in function 'exit'
     exit(1);
     ^~~~
conftest.c:61:5: note: include '<stdlib.h>' or provide a declaration of 'exit'
conftest.c:62:3: warning: incompatible implicit declaration of built-in function 'exit'
   exit(0); /* libc version works properly.  */
   ^~~~
conftest.c:62:3: note: include '<stdlib.h>' or provide a declaration of 'exit'
configure:6200: $? = 0
configure:6200: ./conftest
configure:6200: $? = 0
configure:6233: gcc -o conftest -g -O2 -D_GNU_SOURCE   conftest.c -lcurses  -lcrypt >&5
conftest.c:53:1: warning: return type defaults to 'int' [-Wimplicit-int]
 main() {
 ^~~~
conftest.c: In function 'main':
conftest.c:55:3: warning: implicit declaration of function 'strcpy' [-Wimplicit-function-declaration]
   strcpy(buf, "abcdefghi");
   ^~~~~~
conftest.c:55:3: warning: incompatible implicit declaration of built-in function 'strcpy'
conftest.c:55:3: note: include '<string.h>' or provide a declaration of 'strcpy'
conftest.c:52:22: warning: implicit declaration of function 'memcpy' [-Wimplicit-function-declaration]
 #define bcopy(s,d,l) memcpy(d,s,l)
                      ^
conftest.c:56:3: note: in expansion of macro 'bcopy'
   bcopy(buf, buf + 2, 3);
   ^~~~~
conftest.c:52:22: warning: incompatible implicit declaration of built-in function 'memcpy'
 #define bcopy(s,d,l) memcpy(d,s,l)
                      ^
conftest.c:56:3: note: in expansion of macro 'bcopy'
   bcopy(buf, buf + 2, 3);
   ^~~~~
conftest.c:52:22: note: include '<string.h>' or provide a declaration of 'memcpy'
 #define bcopy(s,d,l) memcpy(d,s,l)
                      ^
conftest.c:56:3: note: in expansion of macro 'bcopy'
   bcopy(buf, buf + 2, 3);
   ^~~~~
conftest.c:57:7: warning: implicit declaration of function 'strncmp' [-Wimplicit-function-declaration]
   if (strncmp(buf, "ababcf", 6))
       ^~~~~~~
conftest.c:58:5: warning: implicit declaration of function 'exit' [-Wimplicit-function-declaration]
     exit(1);
     ^~~~
conftest.c:58:5: warning: incompatible implicit declaration of built-in function 'exit'
conftest.c:58:5: note: include '<stdlib.h>' or provide a declaration of 'exit'
conftest.c:62:5: warning: incompatible implicit declaration of built-in function 'exit'
     exit(1);
     ^~~~
conftest.c:62:5: note: include '<stdlib.h>' or provide a declaration of 'exit'
conftest.c:63:3: warning: incompatible implicit declaration of built-in function 'exit'
   exit(0); /* libc version works properly.  */
   ^~~~
conftest.c:63:3: note: include '<stdlib.h>' or provide a declaration of 'exit'
configure:6233: $? = 0
configure:6233: ./conftest
configure:6233: $? = 1
configure: program exited with status 1
configure: failed program was:
| /* confdefs.h */
| #define PACKAGE_NAME ""
| #define PACKAGE_TARNAME ""
| #define PACKAGE_VERSION ""
| #define PACKAGE_STRING ""
| #define PACKAGE_BUGREPORT ""
| #define PACKAGE_URL ""
| #define STDC_HEADERS 1
| #define HAVE_SYS_TYPES_H 1
| #define HAVE_SYS_STAT_H 1
| #define HAVE_STDLIB_H 1
| #define HAVE_STRING_H 1
| #define HAVE_MEMORY_H 1
| #define HAVE_STRINGS_H 1
| #define HAVE_INTTYPES_H 1
| #define HAVE_STDINT_H 1
| #define HAVE_UNISTD_H 1
| #define __EXTENSIONS__ 1
| #define _ALL_SOURCE 1
| #define _GNU_SOURCE 1
| #define _POSIX_PTHREAD_SEMANTICS 1
| #define _TANDEM_SOURCE 1
| #define SOCKDIR (eff_uid ? "/tmp/uscreens" : "/tmp/screens")
| #define POSIX 1
| #define HAVE_STROPTS_H 1
| #define HAVE_STRING_H 1
| #define HAVE_STRINGS_H 1
| #define BSDJOBS 1
| #define HAVE_SETRESUID 1
| #define HAVE_SETREUID 1
| #define HAVE_EXECVPE 1
| #define TERMINFO 1
| #define HAVE_SVR4_PTYS 1
| #define HAVE_GETPT 1
| #define PTYMODE 0620
| #define PTYGROUP 5
| #define GETUTENT 1
| #define UTHOST 1
| #define LOADAV_GETLOADAVG 1
| #define LOADAV 1
| #define LOADAV_TYPE double
| #define LOADAV_NUM 3
| #define LOADAV_SCALE 1
| #define SIGVOID 1
| #define TERMIO 1
| #define SHADOWPW 1
| #define GETTTYENT 1
| #define USEBCOPY 1
| #define USEMEMMOVE 1
| /* end confdefs.h.  */
| 
| #define bcopy(s,d,l) memcpy(d,s,l)
| main() {
|   char buf[10];
|   strcpy(buf, "abcdefghi");
|   bcopy(buf, buf + 2, 3);
|   if (strncmp(buf, "ababcf", 6))
|     exit(1);
|   strcpy(buf, "abcdefghi");
|   bcopy(buf + 2, buf, 3);
|   if (strncmp(buf, "cdedef", 6))
|     exit(1);
|   exit(0); /* libc version works properly.  */
| }
configure:6242: checking for long file names
configure:6274: result: yes
configure:6283: checking for vsprintf
configure:6296: gcc -o conftest -g -O2 -D_GNU_SOURCE   conftest.c -lcurses  -lcrypt >&5
conftest.c: In function 'main':
conftest.c:56:17: warning: implicit declaration of function 'vsprintf' [-Wimplicit-function-declaration]
 va_list valist; vsprintf(0,0,valist);
                 ^~~~~~~~
conftest.c:56:30: warning: too many arguments for format [-Wformat-extra-args]
 va_list valist; vsprintf(0,0,valist);
                              ^~~~~~
configure:6296: $? = 0
configure:6297: result: yes
configure:6310: checking for dirent.h that defines DIR
configure:6329: gcc -c -g -O2 -D_GNU_SOURCE  conftest.c >&5
configure:6329: $? = 0
configure:6337: result: yes
configure:6350: checking for library containing opendir
configure:6381: gcc -o conftest -g -O2 -D_GNU_SOURCE   conftest.c -lcurses  -lcrypt >&5
configure:6381: $? = 0
configure:6398: result: none required
configure:6466: checking for setenv
configure:6482: gcc -o conftest -g -O2 -D_GNU_SOURCE   conftest.c -lcurses  -lcrypt >&5
conftest.c: In function 'main':
conftest.c:59:9: warning: null argument where non-null required (argument 2) [-Wnonnull]
         setenv((char *) 0, (char *) 0, 0);
         ^~~~~~
configure:6482: $? = 0
configure:6545: checking for nl_langinfo(CODESET)
configure:6560: gcc -o conftest -g -O2 -D_GNU_SOURCE   conftest.c -lcurses  -lcrypt >&5
configure:6560: $? = 0
configure:6561: result: yes
configure:6571: checking for library containing gethostname
configure:6602: gcc -o conftest -g -O2 -D_GNU_SOURCE   conftest.c -lcurses  -lcrypt >&5
configure:6602: $? = 0
configure:6619: result: none required
configure:6631: checking for rename
configure:6631: gcc -o conftest -g -O2 -D_GNU_SOURCE   conftest.c -lcurses  -lcrypt >&5
configure:6631: $? = 0
configure:6631: result: yes
configure:6631: checking for fchmod
configure:6631: gcc -o conftest -g -O2 -D_GNU_SOURCE   conftest.c -lcurses  -lcrypt >&5
configure:6631: $? = 0
configure:6631: result: yes
configure:6631: checking for fchown
configure:6631: gcc -o conftest -g -O2 -D_GNU_SOURCE   conftest.c -lcurses  -lcrypt >&5
configure:6631: $? = 0
configure:6631: result: yes
configure:6631: checking for strerror
configure:6631: gcc -o conftest -g -O2 -D_GNU_SOURCE   conftest.c -lcurses  -lcrypt >&5
configure:6631: $? = 0
configure:6631: result: yes
configure:6631: checking for lstat
configure:6631: gcc -o conftest -g -O2 -D_GNU_SOURCE   conftest.c -lcurses  -lcrypt >&5
configure:6631: $? = 0
configure:6631: result: yes
configure:6631: checking for _exit
configure:6631: gcc -o conftest -g -O2 -D_GNU_SOURCE   conftest.c -lcurses  -lcrypt >&5
conftest.c:85:6: warning: conflicting types for built-in function '_exit' [-Wbuiltin-declaration-mismatch]
 char _exit ();
      ^~~~~
configure:6631: $? = 0
configure:6631: result: yes
configure:6631: checking for utimes
configure:6631: gcc -o conftest -g -O2 -D_GNU_SOURCE   conftest.c -lcurses  -lcrypt >&5
configure:6631: $? = 0
configure:6631: result: yes
configure:6631: checking for vsnprintf
configure:6631: gcc -o conftest -g -O2 -D_GNU_SOURCE   conftest.c -lcurses  -lcrypt >&5
conftest.c:87:6: warning: conflicting types for built-in function 'vsnprintf' [-Wbuiltin-declaration-mismatch]
 char vsnprintf ();
      ^~~~~~~~~
configure:6631: $? = 0
configure:6631: result: yes
configure:6631: checking for getcwd
configure:6631: gcc -o conftest -g -O2 -D_GNU_SOURCE   conftest.c -lcurses  -lcrypt >&5
configure:6631: $? = 0
configure:6631: result: yes
configure:6631: checking for setlocale
configure:6631: gcc -o conftest -g -O2 -D_GNU_SOURCE   conftest.c -lcurses  -lcrypt >&5
configure:6631: $? = 0
configure:6631: result: yes
configure:6631: checking for strftime
configure:6631: gcc -o conftest -g -O2 -D_GNU_SOURCE   conftest.c -lcurses  -lcrypt >&5
conftest.c:90:6: warning: conflicting types for built-in function 'strftime' [-Wbuiltin-declaration-mismatch]
 char strftime ();
      ^~~~~~~~
configure:6631: $? = 0
configure:6631: result: yes
configure:6732: gcc -o conftest -g -O2 -D_GNU_SOURCE   conftest.c -lcurses  -lcrypt >&5
conftest.c:70:1: warning: return type defaults to 'int' [-Wimplicit-int]
 main(){exit(0);}
 ^~~~
conftest.c: In function 'main':
conftest.c:70:8: warning: implicit declaration of function 'exit' [-Wimplicit-function-declaration]
 main(){exit(0);}
        ^~~~
conftest.c:70:8: warning: incompatible implicit declaration of built-in function 'exit'
conftest.c:70:8: note: include '<stdlib.h>' or provide a declaration of 'exit'
configure:6732: $? = 0
configure:6732: ./conftest
configure:6732: $? = 0
configure:6743: checking for the global screenrc file
configure:6871: creating ./config.status

## ---------------------- ##
## Running config.status. ##
## ---------------------- ##

This file was extended by config.status, which was
generated by GNU Autoconf 2.69.  Invocation command line was

  CONFIG_FILES    = 
  CONFIG_HEADERS  = 
  CONFIG_LINKS    = 
  CONFIG_COMMANDS = 
  $ ./config.status 

on hnlgulatow1

config.status:866: creating Makefile
config.status:866: creating doc/Makefile
config.status:866: creating config.h
config.status:1041: config.h is unchanged
config.status:1055: executing default commands

## ---------------- ##
## Cache variables. ##
## ---------------- ##

ac_cv_c_compiler_gnu=yes
ac_cv_env_CC_set=
ac_cv_env_CC_value=
ac_cv_env_CFLAGS_set=
ac_cv_env_CFLAGS_value=
ac_cv_env_CPPFLAGS_set=
ac_cv_env_CPPFLAGS_value=
ac_cv_env_CPP_set=
ac_cv_env_CPP_value=
ac_cv_env_LDFLAGS_set=
ac_cv_env_LDFLAGS_value=
ac_cv_env_LIBS_set=
ac_cv_env_LIBS_value=
ac_cv_env_build_alias_set=
ac_cv_env_build_alias_value=
ac_cv_env_host_alias_set=
ac_cv_env_host_alias_value=
ac_cv_env_target_alias_set=
ac_cv_env_target_alias_value=
ac_cv_func__exit=yes
ac_cv_func_fchmod=yes
ac_cv_func_fchown=yes
ac_cv_func_getcwd=yes
ac_cv_func_getpt=yes
ac_cv_func_lstat=yes
ac_cv_func_rename=yes
ac_cv_func_setlocale=yes
ac_cv_func_strerror=yes
ac_cv_func_strftime=yes
ac_cv_func_utimes=yes
ac_cv_func_vsnprintf=yes
ac_cv_header_dirent_dirent_h=yes
ac_cv_header_inttypes_h=yes
ac_cv_header_memory_h=yes
ac_cv_header_minix_config_h=no
ac_cv_header_stdc=yes
ac_cv_header_stdint_h=yes
ac_cv_header_stdlib_h=yes
ac_cv_header_string_h=yes
ac_cv_header_strings_h=yes
ac_cv_header_stropts_h=yes
ac_cv_header_sys_stat_h=yes
ac_cv_header_sys_types_h=yes
ac_cv_header_unistd_h=yes
ac_cv_header_utempter_h=no
ac_cv_objext=o
ac_cv_path_EGREP='/bin/grep -E'
ac_cv_path_GREP=/bin/grep
ac_cv_path_WRITEPATH=/usr/bin/write
ac_cv_path_XTERMPATH=/usr/bin/xterm
ac_cv_path_install='/usr/bin/install -c'
ac_cv_prog_AWK=mawk
ac_cv_prog_CPP='gcc -E'
ac_cv_prog_ac_ct_CC=gcc
ac_cv_prog_cc_c89=
ac_cv_prog_cc_g=yes
ac_cv_prog_gcc_traditional=no
ac_cv_safe_to_define___extensions__=yes
ac_cv_search_gethostname='none required'
ac_cv_search_opendir='none required'
ac_cv_search_strerror='none required'
ac_cv_sys_long_file_names=yes

## ----------------- ##
## Output variables. ##
## ----------------- ##

AWK='mawk'
CC='gcc'
CFLAGS='-g -O2 -D_GNU_SOURCE'
CPP='gcc -E'
CPPFLAGS=''
DEFS='-DHAVE_CONFIG_H'
ECHO_C=''
ECHO_N='-n'
ECHO_T=''
EGREP='/bin/grep -E'
ETCSCREENRC=''
EXEEXT=''
GREP='/bin/grep'
INSTALL_DATA='${INSTALL} -m 644'
INSTALL_PROGRAM='${INSTALL}'
INSTALL_SCRIPT='${INSTALL}'
LDFLAGS=''
LIBOBJS=''
LIBS='-lcurses  -lcrypt'
LTLIBOBJS=''
OBJEXT='o'
PACKAGE_BUGREPORT=''
PACKAGE_NAME=''
PACKAGE_STRING=''
PACKAGE_TARNAME=''
PACKAGE_URL=''
PACKAGE_VERSION=''
PATH_SEPARATOR=':'
SHELL='/bin/bash'
VERSION='4.6.2'
WRITEPATH='/usr/bin/write'
XTERMPATH=''
ac_ct_CC='gcc'
ac_prefix_program=''
bindir='${exec_prefix}/bin'
build_alias=''
datadir='${datarootdir}'
datarootdir='${prefix}/share'
docdir='${datarootdir}/doc/${PACKAGE}'
dvidir='${docdir}'
exec_prefix='${prefix}'
host_alias=''
htmldir='${docdir}'
includedir='${prefix}/include'
infodir='${datarootdir}/info'
libdir='${exec_prefix}/lib'
libexecdir='${exec_prefix}/libexec'
localedir='${datarootdir}/locale'
localstatedir='${prefix}/var'
mandir='${datarootdir}/man'
oldincludedir='/usr/include'
pdfdir='${docdir}'
prefix='/home/gulatows'
program_transform_name='s,x,x,'
psdir='${docdir}'
sbindir='${exec_prefix}/sbin'
sharedstatedir='${prefix}/com'
sysconfdir='${prefix}/etc'
target_alias=''

## ----------- ##
## confdefs.h. ##
## ----------- ##

/* confdefs.h */
#define PACKAGE_NAME ""
#define PACKAGE_TARNAME ""
#define PACKAGE_VERSION ""
#define PACKAGE_STRING ""
#define PACKAGE_BUGREPORT ""
#define PACKAGE_URL ""
#define STDC_HEADERS 1
#define HAVE_SYS_TYPES_H 1
#define HAVE_SYS_STAT_H 1
#define HAVE_STDLIB_H 1
#define HAVE_STRING_H 1
#define HAVE_MEMORY_H 1
#define HAVE_STRINGS_H 1
#define HAVE_INTTYPES_H 1
#define HAVE_STDINT_H 1
#define HAVE_UNISTD_H 1
#define __EXTENSIONS__ 1
#define _ALL_SOURCE 1
#define _GNU_SOURCE 1
#define _POSIX_PTHREAD_SEMANTICS 1
#define _TANDEM_SOURCE 1
#define SOCKDIR (eff_uid ? "/tmp/uscreens" : "/tmp/screens")
#define POSIX 1
#define HAVE_STROPTS_H 1
#define HAVE_STRING_H 1
#define HAVE_STRINGS_H 1
#define BSDJOBS 1
#define HAVE_SETRESUID 1
#define HAVE_SETREUID 1
#define HAVE_EXECVPE 1
#define TERMINFO 1
#define HAVE_SVR4_PTYS 1
#define HAVE_GETPT 1
#define PTYMODE 0620
#define PTYGROUP 5
#define GETUTENT 1
#define UTHOST 1
#define LOADAV_GETLOADAVG 1
#define LOADAV 1
#define LOADAV_TYPE double
#define LOADAV_NUM 3
#define LOADAV_SCALE 1
#define SIGVOID 1
#define TERMIO 1
#define SHADOWPW 1
#define GETTTYENT 1
#define USEBCOPY 1
#define USEMEMMOVE 1
#define HAVE_LONG_FILE_NAMES 1
#define USEVARARGS 1
#define HAVE_DIRENT_H 1
#define USESETENV 1
#define HAVE_SETENV_3 1
#define HAVE_NL_LANGINFO 1
#define HAVE_RENAME 1
#define HAVE_FCHMOD 1
#define HAVE_FCHOWN 1
#define HAVE_STRERROR 1
#define HAVE_LSTAT 1
#define HAVE__EXIT 1
#define HAVE_UTIMES 1
#define HAVE_VSNPRINTF 1
#define HAVE_GETCWD 1
#define HAVE_SETLOCALE 1
#define HAVE_STRFTIME 1
#define USE_LOCALE 1
#define COLORS256 1

configure: exit 0
